<?xml version="1.0" encoding="UTF-8"?>
<testsuite name="demo.base.BaseDemoTest" tests="1" skipped="0" failures="0" errors="0" timestamp="2022-08-25T02:49:37" hostname="MNLITA21-W10" time="0.01">
  <properties/>
  <testcase name="should_return_sum()" classname="demo.base.BaseDemoTest" time="0.01"/>
  <system-out><![CDATA[]]></system-out>
  <system-err><![CDATA[]]></system-err>
</testsuite>
